# JRE version: OpenJDK Runtime Environment Temurin-17.0.1+12 (17.0.1+12) (build 17.0.1+12)
# Java VM: OpenJDK 64-Bit Server VM Temurin-17.0.1+12 (17.0.1+12, mixed mode, tiered, compressed oops, compressed class ptrs, g1 gc, windows-amd64)
GC Precious Log:
 CPUs: 6 total, 6 available
 Memory: 16304M
 Large Page Support: Disabled
 NUMA Support: Disabled
 Compressed Oops: Enabled (Zero based)
 Heap Region Size: 2M
 Heap Min Capacity: 8M
 Heap Initial Capacity: 256M
 Heap Max Capacity: 4078M
 Pre-touch: Disabled
 Parallel Workers: 6
 Concurrent Workers: 2
 Concurrent Refinement Workers: 6
 Periodic GC: Disabled
Heap:
 garbage-first heap   total 161792K, used 72391K [0x0000000701200000, 0x0000000800000000)
  region size 2048K, 31 young (63488K), 1 survivors (2048K)
 Metaspace       used 50712K, committed 51008K, reserved 1097728K
  class space    used 6317K, committed 6464K, reserved 1048576K
GC Heap History (20 events):
Event: 0.500 GC heap before
{Heap before GC invocations=1 (full 0):
 garbage-first heap   total 262144K, used 24159K [0x0000000701200000, 0x0000000800000000)
  region size 2048K, 12 young (24576K), 2 survivors (4096K)
 Metaspace       used 11484K, committed 11712K, reserved 1064960K
  class space    used 1091K, committed 1216K, reserved 1048576K
}
Event: 0.502 GC heap after
{Heap after GC invocations=2 (full 0):
 garbage-first heap   total 262144K, used 5920K [0x0000000701200000, 0x0000000800000000)
  region size 2048K, 1 young (2048K), 1 survivors (2048K)
 Metaspace       used 11484K, committed 11712K, reserved 1064960K
  class space    used 1091K, committed 1216K, reserved 1048576K
}
Event: 1.014 GC heap before
{Heap before GC invocations=2 (full 0):
 garbage-first heap   total 262144K, used 53024K [0x0000000701200000, 0x0000000800000000)
  region size 2048K, 25 young (51200K), 1 survivors (2048K)
 Metaspace       used 20245K, committed 20480K, reserved 1073152K
  class space    used 2264K, committed 2368K, reserved 1048576K
}
Event: 1.016 GC heap after
{Heap after GC invocations=3 (full 0):
 garbage-first heap   total 262144K, used 8291K [0x0000000701200000, 0x0000000800000000)
  region size 2048K, 2 young (4096K), 2 survivors (4096K)
 Metaspace       used 20245K, committed 20480K, reserved 1073152K
  class space    used 2264K, committed 2368K, reserved 1048576K
}
Event: 1.066 GC heap before
{Heap before GC invocations=3 (full 0):
 garbage-first heap   total 262144K, used 12387K [0x0000000701200000, 0x0000000800000000)
  region size 2048K, 5 young (10240K), 2 survivors (4096K)
 Metaspace       used 21316K, committed 21504K, reserved 1073152K
  class space    used 2457K, committed 2560K, reserved 1048576K
}
Event: 1.068 GC heap after
{Heap after GC invocations=4 (full 0):
 garbage-first heap   total 262144K, used 8732K [0x0000000701200000, 0x0000000800000000)
  region size 2048K, 2 young (4096K), 2 survivors (4096K)
 Metaspace       used 21316K, committed 21504K, reserved 1073152K
  class space    used 2457K, committed 2560K, reserved 1048576K
}
Event: 1.172 GC heap before
{Heap before GC invocations=5 (full 0):
 garbage-first heap   total 49152K, used 33308K [0x0000000701200000, 0x0000000800000000)
  region size 2048K, 16 young (32768K), 2 survivors (4096K)
 Metaspace       used 23263K, committed 23488K, reserved 1073152K
  class space    used 2711K, committed 2816K, reserved 1048576K
}
Event: 1.175 GC heap after
{Heap after GC invocations=6 (full 0):
 garbage-first heap   total 49152K, used 9536K [0x0000000701200000, 0x0000000800000000)
  region size 2048K, 2 young (4096K), 2 survivors (4096K)
 Metaspace       used 23263K, committed 23488K, reserved 1073152K
  class space    used 2711K, committed 2816K, reserved 1048576K
}
Event: 1.175 GC heap before
{Heap before GC invocations=6 (full 0):
 garbage-first heap   total 49152K, used 9536K [0x0000000701200000, 0x0000000800000000)
  region size 2048K, 3 young (6144K), 2 survivors (4096K)
 Metaspace       used 23263K, committed 23488K, reserved 1073152K
  class space    used 2711K, committed 2816K, reserved 1048576K
}
Event: 1.178 GC heap after
{Heap after GC invocations=7 (full 0):
 garbage-first heap   total 49152K, used 9473K [0x0000000701200000, 0x0000000800000000)
  region size 2048K, 1 young (2048K), 1 survivors (2048K)
 Metaspace       used 23263K, committed 23488K, reserved 1073152K
  class space    used 2711K, committed 2816K, reserved 1048576K
}
Event: 1.196 GC heap before
{Heap before GC invocations=7 (full 0):
 garbage-first heap   total 49152K, used 27905K [0x0000000701200000, 0x0000000800000000)
  region size 2048K, 11 young (22528K), 1 survivors (2048K)
 Metaspace       used 23978K, committed 24192K, reserved 1073152K
  class space    used 2766K, committed 2880K, reserved 1048576K
}
Event: 1.197 GC heap after
{Heap after GC invocations=8 (full 0):
 garbage-first heap   total 155648K, used 9504K [0x0000000701200000, 0x0000000800000000)
  region size 2048K, 1 young (2048K), 1 survivors (2048K)
 Metaspace       used 23978K, committed 24192K, reserved 1073152K
  class space    used 2766K, committed 2880K, reserved 1048576K
}
Event: 2.307 GC heap before
{Heap before GC invocations=8 (full 0):
 garbage-first heap   total 155648K, used 75040K [0x0000000701200000, 0x0000000800000000)
  region size 2048K, 34 young (69632K), 1 survivors (2048K)
 Metaspace       used 35846K, committed 36096K, reserved 1081344K
  class space    used 4334K, committed 4480K, reserved 1048576K
}
Event: 2.311 GC heap after
{Heap after GC invocations=9 (full 0):
 garbage-first heap   total 155648K, used 14280K [0x0000000701200000, 0x0000000800000000)
  region size 2048K, 3 young (6144K), 3 survivors (6144K)
 Metaspace       used 35846K, committed 36096K, reserved 1081344K
  class space    used 4334K, committed 4480K, reserved 1048576K
}
Event: 2.383 GC heap before
{Heap before GC invocations=10 (full 0):
 garbage-first heap   total 61440K, used 47048K [0x0000000701200000, 0x0000000800000000)
  region size 2048K, 21 young (43008K), 3 survivors (6144K)
 Metaspace       used 36595K, committed 36864K, reserved 1081344K
  class space    used 4413K, committed 4544K, reserved 1048576K
}
Event: 2.387 GC heap after
{Heap after GC invocations=11 (full 0):
 garbage-first heap   total 61440K, used 14726K [0x0000000701200000, 0x0000000800000000)
  region size 2048K, 4 young (8192K), 4 survivors (8192K)
 Metaspace       used 36595K, committed 36864K, reserved 1081344K
  class space    used 4413K, committed 4544K, reserved 1048576K
}
Event: 2.389 GC heap before
{Heap before GC invocations=11 (full 0):
 garbage-first heap   total 61440K, used 18822K [0x0000000701200000, 0x0000000800000000)
  region size 2048K, 6 young (12288K), 4 survivors (8192K)
 Metaspace       used 36595K, committed 36864K, reserved 1081344K
  class space    used 4413K, committed 4544K, reserved 1048576K
}
Event: 2.392 GC heap after
{Heap after GC invocations=12 (full 0):
 garbage-first heap   total 61440K, used 15099K [0x0000000701200000, 0x0000000800000000)
  region size 2048K, 1 young (2048K), 1 survivors (2048K)
 Metaspace       used 36595K, committed 36864K, reserved 1081344K
  class space    used 4413K, committed 4544K, reserved 1048576K
}
Event: 2.452 GC heap before
{Heap before GC invocations=12 (full 0):
 garbage-first heap   total 61440K, used 43771K [0x0000000701200000, 0x0000000800000000)
  region size 2048K, 16 young (32768K), 1 survivors (2048K)
 Metaspace       used 37310K, committed 37632K, reserved 1089536K
  class space    used 4475K, committed 4672K, reserved 1048576K
}
Event: 2.453 GC heap after
{Heap after GC invocations=13 (full 0):
 garbage-first heap   total 161792K, used 15047K [0x0000000701200000, 0x0000000800000000)
  region size 2048K, 1 young (2048K), 1 survivors (2048K)
 Metaspace       used 37310K, committed 37632K, reserved 1089536K
  class space    used 4475K, committed 4672K, reserved 1048576K
}

