# JRE version: OpenJDK Runtime Environment Temurin-17.0.1+12 (17.0.1+12) (build 17.0.1+12)
# Java VM: OpenJDK 64-Bit Server VM Temurin-17.0.1+12 (17.0.1+12, mixed mode, tiered, compressed oops, compressed class ptrs, g1 gc, windows-amd64)
GC Precious Log:
 CPUs: 6 total, 6 available
 Memory: 16304M
 Large Page Support: Disabled
 NUMA Support: Disabled
 Compressed Oops: Enabled (Zero based)
 Heap Region Size: 2M
 Heap Min Capacity: 8M
 Heap Initial Capacity: 256M
 Heap Max Capacity: 4078M
 Pre-touch: Disabled
 Parallel Workers: 6
 Concurrent Workers: 2
 Concurrent Refinement Workers: 6
 Periodic GC: Disabled
Heap:
 garbage-first heap   total 61440K, used 23185K [0x0000000701200000, 0x0000000800000000)
  region size 2048K, 7 young (14336K), 2 survivors (4096K)
 Metaspace       used 36843K, committed 37184K, reserved 1089536K
  class space    used 4525K, committed 4672K, reserved 1048576K
GC Heap History (18 events):
Event: 0.587 GC heap before
{Heap before GC invocations=0 (full 0):
 garbage-first heap   total 262144K, used 18432K [0x0000000701200000, 0x0000000800000000)
  region size 2048K, 10 young (20480K), 0 survivors (0K)
 Metaspace       used 11086K, committed 11264K, reserved 1064960K
  class space    used 1131K, committed 1216K, reserved 1048576K
}
Event: 0.590 GC heap after
{Heap after GC invocations=1 (full 0):
 garbage-first heap   total 262144K, used 6313K [0x0000000701200000, 0x0000000800000000)
  region size 2048K, 2 young (4096K), 2 survivors (4096K)
 Metaspace       used 11086K, committed 11264K, reserved 1064960K
  class space    used 1131K, committed 1216K, reserved 1048576K
}
Event: 1.002 GC heap before
{Heap before GC invocations=1 (full 0):
 garbage-first heap   total 262144K, used 24745K [0x0000000701200000, 0x0000000800000000)
  region size 2048K, 12 young (24576K), 2 survivors (4096K)
 Metaspace       used 17588K, committed 17792K, reserved 1064960K
  class space    used 1883K, committed 1984K, reserved 1048576K
}
Event: 1.005 GC heap after
{Heap after GC invocations=2 (full 0):
 garbage-first heap   total 262144K, used 8437K [0x0000000701200000, 0x0000000800000000)
  region size 2048K, 2 young (4096K), 2 survivors (4096K)
 Metaspace       used 17588K, committed 17792K, reserved 1064960K
  class space    used 1883K, committed 1984K, reserved 1048576K
}
Event: 1.336 GC heap before
{Heap before GC invocations=2 (full 0):
 garbage-first heap   total 262144K, used 24821K [0x0000000701200000, 0x0000000800000000)
  region size 2048K, 11 young (22528K), 2 survivors (4096K)
 Metaspace       used 21319K, committed 21504K, reserved 1073152K
  class space    used 2405K, committed 2496K, reserved 1048576K
}
Event: 1.338 GC heap after
{Heap after GC invocations=3 (full 0):
 garbage-first heap   total 262144K, used 9954K [0x0000000701200000, 0x0000000800000000)
  region size 2048K, 2 young (4096K), 2 survivors (4096K)
 Metaspace       used 21319K, committed 21504K, reserved 1073152K
  class space    used 2405K, committed 2496K, reserved 1048576K
}
Event: 1.649 GC heap before
{Heap before GC invocations=4 (full 0):
 garbage-first heap   total 49152K, used 32482K [0x0000000701200000, 0x0000000800000000)
  region size 2048K, 14 young (28672K), 2 survivors (4096K)
 Metaspace       used 25976K, committed 26112K, reserved 1073152K
  class space    used 3138K, committed 3200K, reserved 1048576K
}
Event: 1.652 GC heap after
{Heap after GC invocations=5 (full 0):
 garbage-first heap   total 49152K, used 11344K [0x0000000701200000, 0x0000000800000000)
  region size 2048K, 2 young (4096K), 2 survivors (4096K)
 Metaspace       used 25976K, committed 26112K, reserved 1073152K
  class space    used 3138K, committed 3200K, reserved 1048576K
}
Event: 1.656 GC heap before
{Heap before GC invocations=5 (full 0):
 garbage-first heap   total 49152K, used 11344K [0x0000000701200000, 0x0000000800000000)
  region size 2048K, 3 young (6144K), 2 survivors (4096K)
 Metaspace       used 26044K, committed 26240K, reserved 1073152K
  class space    used 3148K, committed 3200K, reserved 1048576K
}
Event: 1.658 GC heap after
{Heap after GC invocations=6 (full 0):
 garbage-first heap   total 49152K, used 11760K [0x0000000701200000, 0x0000000800000000)
  region size 2048K, 1 young (2048K), 1 survivors (2048K)
 Metaspace       used 26044K, committed 26240K, reserved 1073152K
  class space    used 3148K, committed 3200K, reserved 1048576K
}
Event: 1.663 GC heap before
{Heap before GC invocations=6 (full 0):
 garbage-first heap   total 49152K, used 26096K [0x0000000701200000, 0x0000000800000000)
  region size 2048K, 9 young (18432K), 1 survivors (2048K)
 Metaspace       used 26109K, committed 26368K, reserved 1073152K
  class space    used 3155K, committed 3264K, reserved 1048576K
}
Event: 1.664 GC heap after
{Heap after GC invocations=7 (full 0):
 garbage-first heap   total 49152K, used 11393K [0x0000000701200000, 0x0000000800000000)
  region size 2048K, 1 young (2048K), 1 survivors (2048K)
 Metaspace       used 26109K, committed 26368K, reserved 1073152K
  class space    used 3155K, committed 3264K, reserved 1048576K
}
Event: 1.667 GC heap before
{Heap before GC invocations=7 (full 0):
 garbage-first heap   total 49152K, used 27777K [0x0000000701200000, 0x0000000800000000)
  region size 2048K, 10 young (20480K), 1 survivors (2048K)
 Metaspace       used 26122K, committed 26368K, reserved 1073152K
  class space    used 3157K, committed 3264K, reserved 1048576K
}
Event: 1.668 GC heap after
{Heap after GC invocations=8 (full 0):
 garbage-first heap   total 49152K, used 11358K [0x0000000701200000, 0x0000000800000000)
  region size 2048K, 1 young (2048K), 1 survivors (2048K)
 Metaspace       used 26122K, committed 26368K, reserved 1073152K
  class space    used 3157K, committed 3264K, reserved 1048576K
}
Event: 1.824 GC heap before
{Heap before GC invocations=8 (full 0):
 garbage-first heap   total 49152K, used 29790K [0x0000000701200000, 0x0000000800000000)
  region size 2048K, 11 young (22528K), 1 survivors (2048K)
 Metaspace       used 29616K, committed 29888K, reserved 1081344K
  class space    used 3505K, committed 3648K, reserved 1048576K
}
Event: 1.825 GC heap after
{Heap after GC invocations=9 (full 0):
 garbage-first heap   total 155648K, used 12528K [0x0000000701200000, 0x0000000800000000)
  region size 2048K, 1 young (2048K), 1 survivors (2048K)
 Metaspace       used 29616K, committed 29888K, reserved 1081344K
  class space    used 3505K, committed 3648K, reserved 1048576K
}
Event: 2.471 GC heap before
{Heap before GC invocations=9 (full 0):
 garbage-first heap   total 155648K, used 53488K [0x0000000701200000, 0x0000000800000000)
  region size 2048K, 22 young (45056K), 1 survivors (2048K)
 Metaspace       used 35777K, committed 36096K, reserved 1081344K
  class space    used 4358K, committed 4480K, reserved 1048576K
}
Event: 2.474 GC heap after
{Heap after GC invocations=10 (full 0):
 garbage-first heap   total 155648K, used 14993K [0x0000000701200000, 0x0000000800000000)
  region size 2048K, 2 young (4096K), 2 survivors (4096K)
 Metaspace       used 35777K, committed 36096K, reserved 1081344K
  class space    used 4358K, committed 4480K, reserved 1048576K
}

